The unit is LAMMPS metal unit.
The default bond length is the bond length in pymatgen with bond order one.
The default cutting distance for neighbors is 1.1 times of the bond lengths!
The default coordination number is 4.
Seakmc start ...
Successfully loading input and structure ...
istep KMC: 0
There are 8 defects before the point defect reduction.
The ground energy is 0.0 eV at 0 KMC step!
There are 1 defects (active volumes) in data at 0 KMC step!
The fractional coords of the defect center are [0.5   0.45  0.516] at 0 KMC step!

ActVol ID: 0 nactive:164 nbuffer:220 nfixed:897
AV center fractional coords: (0.5, 0.45, 0.516)
idav:0, idsps: 0,  ntrans: 124,  barrier:0.64,  ebias: 0.55
      dmag:0.86, dmagFin:1.22, isConnect: True
      Valid SPs: 1, num of SPs:1, time: 7.97 s
-----------------------------------------------------------------
idav:0, idsps: 1,  ntrans: 135,  barrier:0.64,  ebias: 0.55
      dmag:0.86, dmagFin:1.22, isConnect: True
      Valid SPs: 2, num of SPs:2, time: 7.98 s
-----------------------------------------------------------------
idav:0, idsps: 2,  ntrans: 95,  barrier:0.64,  ebias: 0.55
      dmag:0.86, dmagFin:1.22, isConnect: True
      Valid SPs: 3, num of SPs:3, time: 5.59 s
-----------------------------------------------------------------
idav:0, idsps: 3,  ntrans: 195,  barrier:1.13,  ebias: 1.07
      dmag:1.52, dmagFin:1.74, isConnect: False
      Valid SPs: 4, num of SPs:4, time: 13.03 s
-----------------------------------------------------------------
idav:0, idsps: 4,  ntrans: 208,  barrier:0.65,  ebias: 0.0
      dmag:1.59, dmagFin:2.35, isConnect: False
      Valid SPs: 5, num of SPs:5, time: 13.56 s
-----------------------------------------------------------------
idav:0, idsps: 5,  ntrans: 95,  barrier:0.64,  ebias: 0.55
      dmag:0.86, dmagFin:1.22, isConnect: True
      Valid SPs: 6, num of SPs:6, time: 6.46 s
-----------------------------------------------------------------
idav:0, idsps: 6,  ntrans: 288,  barrier:5.45,  ebias: 5.36
      dmag:3.1, dmagFin:3.36, isConnect: False
      Valid SPs: 7, num of SPs:7, time: 19.88 s
-----------------------------------------------------------------
idav:0, idsps: 7,  ntrans: 100,  barrier:20.0,  ebias: 20.0
      dmag:0.85, dmagFin:0.85, isConnect: False
      Valid SPs: 7, num of SPs:7, time: 6.23 s
-----------------------------------------------------------------
idav:0, idsps: 8,  ntrans: 84,  barrier:0.64,  ebias: 0.55
      dmag:0.86, dmagFin:1.22, isConnect: True
      Valid SPs: 7, num of SPs:7, time: 5.55 s
-----------------------------------------------------------------
idav:0, idsps: 9,  ntrans: 147,  barrier:0.64,  ebias: 0.55
      dmag:0.86, dmagFin:1.22, isConnect: True
      Valid SPs: 7, num of SPs:7, time: 9.79 s
-----------------------------------------------------------------
Found 4 saddle points in 0 active volume!
-----------------------------------------------------------------
Total time for 0 active volume: 96.1 s
-----------------------------------------------------------------
In KMC step ...
Current basin info at 0 KMC step - ID:0 Number of saddle points:4 ID of selection:[3]
                  Selected event - Barrier:0.643 Backward barrier:0.091
Superbasin info at 0 KMC step - Number of basins:1 Number of saddle points: 3 ID of selection:[3]
Local info of seleted events at 0 KMC step - Basin ID:[0] KMC step:0 Event ID:[3]
All seleted events of the superbasin at 0 KMC step - Basin ID:[0] Event ID: [3]
-----------------------------------------------------------------
Relaxing the structure ...
KMC 0th step is finished.
Time step for 0 KMC step: 425293888.04 ps
Summed time steps after 0 KMC step: 425293888.04 ps
Real time cost for 0 KMC step: 98.8 s
===================================================================
istep KMC: 1
There are 9 defects before the point defect reduction.
The ground energy is -7913.012 eV at 1 KMC step!
There are 1 defects (active volumes) in data at 1 KMC step!
The fractional coords of the defect center are [0.602 0.416 0.533] at 1 KMC step!

ActVol ID: 0 nactive:209 nbuffer:243 nfixed:933
AV center fractional coords: (0.602, 0.416, 0.533)
idav:0, idsps: 0,  ntrans: 78,  barrier:0.09,  ebias: -0.55
      dmag:0.42, dmagFin:1.22, isConnect: True
      Valid SPs: 1, num of SPs:1, time: 5.02 s
-----------------------------------------------------------------
idav:0, idsps: 1,  ntrans: 100,  barrier:20.0,  ebias: 20.0
      dmag:0.41, dmagFin:0.41, isConnect: False
      Valid SPs: 1, num of SPs:1, time: 6.09 s
-----------------------------------------------------------------
idav:0, idsps: 2,  ntrans: 50,  barrier:20.0,  ebias: 20.0
      dmag:0.41, dmagFin:0.41, isConnect: False
      Valid SPs: 1, num of SPs:1, time: 2.75 s
-----------------------------------------------------------------
idav:0, idsps: 3,  ntrans: 86,  barrier:0.09,  ebias: -0.55
      dmag:0.42, dmagFin:1.22, isConnect: True
      Valid SPs: 2, num of SPs:2, time: 5.85 s
-----------------------------------------------------------------
idav:0, idsps: 4,  ntrans: 50,  barrier:20.0,  ebias: 20.0
      dmag:0.41, dmagFin:0.41, isConnect: False
      Valid SPs: 2, num of SPs:2, time: 3.26 s
-----------------------------------------------------------------
idav:0, idsps: 5,  ntrans: 50,  barrier:20.0,  ebias: 20.0
      dmag:0.41, dmagFin:0.41, isConnect: False
      Valid SPs: 2, num of SPs:2, time: 3.27 s
-----------------------------------------------------------------
idav:0, idsps: 6,  ntrans: 50,  barrier:20.0,  ebias: 20.0
      dmag:0.41, dmagFin:0.41, isConnect: False
      Valid SPs: 2, num of SPs:2, time: 2.79 s
-----------------------------------------------------------------
idav:0, idsps: 7,  ntrans: 50,  barrier:20.0,  ebias: 20.0
      dmag:0.41, dmagFin:0.41, isConnect: False
      Valid SPs: 2, num of SPs:2, time: 3.28 s
-----------------------------------------------------------------
idav:0, idsps: 8,  ntrans: 50,  barrier:20.0,  ebias: 20.0
      dmag:0.41, dmagFin:0.41, isConnect: False
      Valid SPs: 2, num of SPs:2, time: 3.01 s
-----------------------------------------------------------------
idav:0, idsps: 9,  ntrans: 50,  barrier:20.0,  ebias: 20.0
      dmag:0.41, dmagFin:0.41, isConnect: False
      Valid SPs: 2, num of SPs:2, time: 2.86 s
-----------------------------------------------------------------
Found 2 saddle points in 0 active volume!
-----------------------------------------------------------------
Total time for 0 active volume: 38.2 s
-----------------------------------------------------------------
In KMC step ...
Current basin info at 1 KMC step - ID:0 Number of saddle points:2 ID of selection:[1]
                  Selected event - Barrier:0.091 Backward barrier:0.637
Superbasin info at 1 KMC step - Number of basins:1 Number of saddle points: 1 ID of selection:[1]
Local info of seleted events at 1 KMC step - Basin ID:[0] KMC step:1 Event ID:[1]
All seleted events of the superbasin at 1 KMC step - Basin ID:[0] Event ID: [1]
-----------------------------------------------------------------
Relaxing the structure ...
KMC 1th step is finished.
Time step for 1 KMC step: 7.0 ps
Summed time steps after 1 KMC step: 425293895.03 ps
Real time cost for 1 KMC step: 41.0 s
===================================================================
istep KMC: 2
There are 8 defects before the point defect reduction.
The ground energy is -7913.561 eV at 2 KMC step!
There are 1 defects (active volumes) in data at 2 KMC step!
The fractional coords of the defect center are [0.6   0.4   0.533] at 2 KMC step!

ActVol ID: 0 nactive:164 nbuffer:220 nfixed:897
AV center fractional coords: (0.6, 0.4, 0.533)
idav:0, idsps: 0,  ntrans: 143,  barrier:0.64,  ebias: 0.55
      dmag:0.86, dmagFin:1.22, isConnect: True
      Valid SPs: 1, num of SPs:1, time: 9.11 s
-----------------------------------------------------------------
idav:0, idsps: 1,  ntrans: 323,  barrier:0.65,  ebias: 0.0
      dmag:1.59, dmagFin:2.35, isConnect: False
      Valid SPs: 2, num of SPs:2, time: 21.06 s
-----------------------------------------------------------------
idav:0, idsps: 2,  ntrans: 1000,  barrier:20.0,  ebias: 20.0
      dmag:2.27, dmagFin:2.27, isConnect: False
      Valid SPs: 2, num of SPs:2, time: 65.89 s
-----------------------------------------------------------------
idav:0, idsps: 3,  ntrans: 113,  barrier:0.64,  ebias: 0.55
      dmag:0.86, dmagFin:1.22, isConnect: True
      Valid SPs: 3, num of SPs:3, time: 6.71 s
-----------------------------------------------------------------
idav:0, idsps: 4,  ntrans: 120,  barrier:0.64,  ebias: 0.55
      dmag:0.86, dmagFin:1.22, isConnect: True
      Valid SPs: 4, num of SPs:4, time: 7.31 s
-----------------------------------------------------------------
idav:0, idsps: 5,  ntrans: 201,  barrier:0.64,  ebias: 0.55
      dmag:0.86, dmagFin:1.22, isConnect: True
      Valid SPs: 5, num of SPs:5, time: 12.32 s
-----------------------------------------------------------------
idav:0, idsps: 6,  ntrans: 125,  barrier:0.64,  ebias: 0.55
      dmag:0.86, dmagFin:1.22, isConnect: True
      Valid SPs: 5, num of SPs:5, time: 7.16 s
-----------------------------------------------------------------
idav:0, idsps: 7,  ntrans: 120,  barrier:0.64,  ebias: 0.55
      dmag:0.86, dmagFin:1.22, isConnect: True
      Valid SPs: 6, num of SPs:6, time: 7.65 s
-----------------------------------------------------------------
idav:0, idsps: 8,  ntrans: 203,  barrier:0.65,  ebias: 0.0
      dmag:1.59, dmagFin:2.35, isConnect: False
      Valid SPs: 7, num of SPs:7, time: 13.29 s
-----------------------------------------------------------------
idav:0, idsps: 9,  ntrans: 215,  barrier:0.65,  ebias: 0.0
      dmag:1.59, dmagFin:2.35, isConnect: False
      Valid SPs: 8, num of SPs:8, time: 13.79 s
-----------------------------------------------------------------
Found 5 saddle points in 0 active volume!
-----------------------------------------------------------------
Total time for 0 active volume: 164.3 s
-----------------------------------------------------------------
In KMC step ...
Current basin info at 2 KMC step - ID:0 Number of saddle points:5 ID of selection:[3]
                  Selected event - Barrier:0.643 Backward barrier:0.091
Superbasin info at 2 KMC step - Number of basins:1 Number of saddle points: 4 ID of selection:[3]
Local info of seleted events at 2 KMC step - Basin ID:[0] KMC step:2 Event ID:[3]
All seleted events of the superbasin at 2 KMC step - Basin ID:[0] Event ID: [3]
-----------------------------------------------------------------
Relaxing the structure ...
KMC 2th step is finished.
Time step for 2 KMC step: 8119848044.66 ps
Summed time steps after 2 KMC step: 8545141939.69 ps
Real time cost for 2 KMC step: 167.1 s
===================================================================
Total KMC time steps for this simulation: 8545141939.69 ps
Real time cost for this simulation:306.9 s
===================================================================