The unit is LAMMPS metal unit.
The default bond length is the bond length in pymatgen with bond order one.
The default cutting distance for neighbors is 1.1 times of the bond lengths!
The default coordination number is 4.
Seakmc start ...
Successfully loading input and structure ...
Relaxing the initial structure ...
istep KMC: 0
There are 8 defects before the point defect reduction.
The ground energy is 0.0 eV at 0 KMC step!
There are 2 defects (active volumes) in data at 0 KMC step!
The fractional coords of the defect center are [0.929 0.929 0.929] at 0 KMC step!

ActVol ID: 0 nactive:167 nbuffer:282 nfixed:1502
AV center fractional coords: (0.957, 0.957, 0.957)
idav:0, idsps: 0,  ntrans: 145,  barrier:0.641,  ebias: 0.55
      dmag:0.868, dmagFin:1.217, isConnect: True
      Valid SPs: 1, num of SPs:1, time: 290.937 s
-----------------------------------------------------------------
idav:0, idsps: 1,  ntrans: 193,  barrier:0.642,  ebias: 0.55
      dmag:0.868, dmagFin:1.217, isConnect: True
      Valid SPs: 2, num of SPs:2, time: 324.568 s
-----------------------------------------------------------------
idav:0, idsps: 2,  ntrans: 100,  barrier:20.0,  ebias: 20.0
      dmag:0.859, dmagFin:0.859, isConnect: False
      Valid SPs: 2, num of SPs:2, time: 168.37 s
-----------------------------------------------------------------
idav:0, idsps: 3,  ntrans: 147,  barrier:0.641,  ebias: 0.55
      dmag:0.868, dmagFin:1.217, isConnect: True
      Valid SPs: 2, num of SPs:2, time: 233.255 s
-----------------------------------------------------------------
idav:0, idsps: 4,  ntrans: 100,  barrier:20.0,  ebias: 20.0
      dmag:0.849, dmagFin:0.849, isConnect: False
      Valid SPs: 2, num of SPs:2, time: 172.431 s
-----------------------------------------------------------------
idav:0, idsps: 5,  ntrans: 100,  barrier:20.0,  ebias: 20.0
      dmag:0.857, dmagFin:0.857, isConnect: False
      Valid SPs: 2, num of SPs:2, time: 179.703 s
-----------------------------------------------------------------
idav:0, idsps: 6,  ntrans: 145,  barrier:0.642,  ebias: 0.55
      dmag:0.867, dmagFin:1.216, isConnect: True
      Valid SPs: 3, num of SPs:3, time: 202.566 s
-----------------------------------------------------------------
idav:0, idsps: 7,  ntrans: 143,  barrier:0.642,  ebias: 0.55
      dmag:0.868, dmagFin:1.217, isConnect: True
      Valid SPs: 4, num of SPs:4, time: 225.126 s
-----------------------------------------------------------------
idav:0, idsps: 8,  ntrans: 200,  barrier:20.0,  ebias: 20.0
      dmag:0.853, dmagFin:0.853, isConnect: False
      Valid SPs: 4, num of SPs:4, time: 343.296 s
-----------------------------------------------------------------
idav:0, idsps: 9,  ntrans: 165,  barrier:0.642,  ebias: 0.55
      dmag:0.868, dmagFin:1.217, isConnect: True
      Valid SPs: 5, num of SPs:5, time: 259.758 s
-----------------------------------------------------------------
Found 5 saddle points in 0 active volume!
-----------------------------------------------------------------
Total time for 0 active volume: 2400.36 s
-----------------------------------------------------------------
ActVol ID: 1 nactive:168 nbuffer:272 nfixed:1499
AV center fractional coords: (0.901, 0.901, 0.901)
idav:1, idsps: 0,  ntrans: 181,  barrier:0.642,  ebias: 0.55
      dmag:0.868, dmagFin:1.217, isConnect: True
      Valid SPs: 1, num of SPs:1, time: 304.665 s
-----------------------------------------------------------------
idav:1, idsps: 1,  ntrans: 281,  barrier:0.643,  ebias: 0.55
      dmag:0.865, dmagFin:1.215, isConnect: True
      Valid SPs: 2, num of SPs:2, time: 507.061 s
-----------------------------------------------------------------
idav:1, idsps: 2,  ntrans: 178,  barrier:0.643,  ebias: 0.55
      dmag:0.865, dmagFin:1.215, isConnect: True
      Valid SPs: 3, num of SPs:3, time: 277.152 s
-----------------------------------------------------------------
idav:1, idsps: 3,  ntrans: 150,  barrier:20.0,  ebias: 20.0
      dmag:0.862, dmagFin:0.862, isConnect: False
      Valid SPs: 3, num of SPs:3, time: 236.517 s
-----------------------------------------------------------------
idav:1, idsps: 4,  ntrans: 174,  barrier:0.641,  ebias: 0.549
      dmag:0.87, dmagFin:1.218, isConnect: True
      Valid SPs: 4, num of SPs:4, time: 317.373 s
-----------------------------------------------------------------
idav:1, idsps: 5,  ntrans: 152,  barrier:0.642,  ebias: 0.55
      dmag:0.868, dmagFin:1.217, isConnect: True
      Valid SPs: 5, num of SPs:5, time: 258.898 s
-----------------------------------------------------------------
idav:1, idsps: 6,  ntrans: 100,  barrier:20.0,  ebias: 20.0
      dmag:0.865, dmagFin:0.865, isConnect: False
      Valid SPs: 5, num of SPs:5, time: 178.546 s
-----------------------------------------------------------------
idav:1, idsps: 7,  ntrans: 188,  barrier:0.643,  ebias: 0.55
      dmag:0.865, dmagFin:1.215, isConnect: True
      Valid SPs: 6, num of SPs:6, time: 346.465 s
-----------------------------------------------------------------
idav:1, idsps: 8,  ntrans: 150,  barrier:20.0,  ebias: 20.0
      dmag:0.854, dmagFin:0.854, isConnect: False
      Valid SPs: 6, num of SPs:6, time: 260.744 s
-----------------------------------------------------------------
idav:1, idsps: 9,  ntrans: 127,  barrier:0.643,  ebias: 0.55
      dmag:0.865, dmagFin:1.215, isConnect: True
      Valid SPs: 6, num of SPs:6, time: 214.514 s
-----------------------------------------------------------------
Found 2 saddle points in 1 active volume!
-----------------------------------------------------------------
Total time for 1 active volume: 2902.232 s
-----------------------------------------------------------------
In KMC step ...
Current basin info at 0 KMC step - ID:0 Number of saddle points:7 ID of selection:[3]
                  Selected event - Barrier:0.642 Backward barrier:0.092
-----------------------------------------------------------------
Relaxing the structure ...
KMC 0th step is finished.
Time step for 0 KMC step: 934.449 ps
Summed time steps after 0 KMC step: 934.449 ps
Real time cost for 0 KMC step: 5307.211 s
===================================================================
istep KMC: 1
There are 9 defects before the point defect reduction.
The ground energy is 0.0 eV at 1 KMC step!
There are 2 defects (active volumes) in data at 1 KMC step!
The fractional coords of the defect center are [0.92 0.48 0.48] at 1 KMC step!

ActVol ID: 0 nactive:161 nbuffer:273 nfixed:1520
AV center fractional coords: (0.964, 0.936, 0.936)
idav:0, idsps: 0,  ntrans: 84,  barrier:0.091,  ebias: -0.548
      dmag:0.418, dmagFin:1.218, isConnect: True
      Valid SPs: 1, num of SPs:1, time: 126.072 s
-----------------------------------------------------------------
idav:0, idsps: 1,  ntrans: 50,  barrier:20.0,  ebias: 20.0
      dmag:0.404, dmagFin:0.404, isConnect: False
      Valid SPs: 1, num of SPs:1, time: 88.047 s
-----------------------------------------------------------------
idav:0, idsps: 2,  ntrans: 64,  barrier:0.091,  ebias: -0.548
      dmag:0.418, dmagFin:1.215, isConnect: True
      Valid SPs: 2, num of SPs:2, time: 83.452 s
-----------------------------------------------------------------
idav:0, idsps: 3,  ntrans: 50,  barrier:20.0,  ebias: 20.0
      dmag:0.41, dmagFin:0.41, isConnect: False
      Valid SPs: 2, num of SPs:2, time: 94.027 s
-----------------------------------------------------------------
idav:0, idsps: 4,  ntrans: 50,  barrier:20.0,  ebias: 20.0
      dmag:0.41, dmagFin:0.41, isConnect: False
      Valid SPs: 2, num of SPs:2, time: 77.076 s
-----------------------------------------------------------------
idav:0, idsps: 5,  ntrans: 50,  barrier:20.0,  ebias: 20.0
      dmag:0.41, dmagFin:0.41, isConnect: False
      Valid SPs: 2, num of SPs:2, time: 79.863 s
-----------------------------------------------------------------
idav:0, idsps: 6,  ntrans: 50,  barrier:20.0,  ebias: 20.0
      dmag:0.407, dmagFin:0.407, isConnect: False
      Valid SPs: 2, num of SPs:2, time: 81.159 s
-----------------------------------------------------------------
idav:0, idsps: 7,  ntrans: 50,  barrier:20.0,  ebias: 20.0
      dmag:0.41, dmagFin:0.41, isConnect: False
      Valid SPs: 2, num of SPs:2, time: 74.941 s
-----------------------------------------------------------------
idav:0, idsps: 8,  ntrans: 50,  barrier:20.0,  ebias: 20.0
      dmag:0.407, dmagFin:0.407, isConnect: False
      Valid SPs: 2, num of SPs:2, time: 89.803 s
-----------------------------------------------------------------
idav:0, idsps: 9,  ntrans: 150,  barrier:20.0,  ebias: 20.0
      dmag:0.404, dmagFin:0.404, isConnect: False
      Valid SPs: 2, num of SPs:2, time: 265.426 s
-----------------------------------------------------------------
Found 2 saddle points in 0 active volume!
-----------------------------------------------------------------
Total time for 0 active volume: 1060.231 s
-----------------------------------------------------------------
ActVol ID: 1 nactive:167 nbuffer:266 nfixed:1523
AV center fractional coords: (0.876, 0.024, 0.024)
idav:1, idsps: 0,  ntrans: 86,  barrier:0.092,  ebias: -0.548
      dmag:0.418, dmagFin:1.214, isConnect: True
      Valid SPs: 1, num of SPs:1, time: 115.658 s
-----------------------------------------------------------------
idav:1, idsps: 1,  ntrans: 50,  barrier:20.0,  ebias: 20.0
      dmag:0.407, dmagFin:0.407, isConnect: False
      Valid SPs: 1, num of SPs:1, time: 78.511 s
-----------------------------------------------------------------
idav:1, idsps: 2,  ntrans: 86,  barrier:0.092,  ebias: -0.548
      dmag:0.418, dmagFin:1.214, isConnect: True
      Valid SPs: 1, num of SPs:1, time: 136.461 s
-----------------------------------------------------------------
idav:1, idsps: 3,  ntrans: 74,  barrier:0.092,  ebias: -0.548
      dmag:0.418, dmagFin:1.214, isConnect: True
      Valid SPs: 1, num of SPs:1, time: 102.77 s
-----------------------------------------------------------------
idav:1, idsps: 4,  ntrans: 129,  barrier:0.092,  ebias: -0.548
      dmag:0.418, dmagFin:1.214, isConnect: True
      Valid SPs: 1, num of SPs:1, time: 197.88 s
-----------------------------------------------------------------
idav:1, idsps: 5,  ntrans: 72,  barrier:0.092,  ebias: -0.548
      dmag:0.418, dmagFin:1.214, isConnect: True
      Valid SPs: 1, num of SPs:1, time: 100.952 s
-----------------------------------------------------------------
idav:1, idsps: 6,  ntrans: 84,  barrier:0.091,  ebias: -0.548
      dmag:0.418, dmagFin:1.218, isConnect: True
      Valid SPs: 2, num of SPs:2, time: 112.6 s
-----------------------------------------------------------------
idav:1, idsps: 7,  ntrans: 98,  barrier:0.092,  ebias: -0.548
      dmag:0.418, dmagFin:1.214, isConnect: True
      Valid SPs: 2, num of SPs:2, time: 145.113 s
-----------------------------------------------------------------
idav:1, idsps: 8,  ntrans: 50,  barrier:20.0,  ebias: 20.0
      dmag:0.414, dmagFin:0.414, isConnect: False
      Valid SPs: 2, num of SPs:2, time: 71.711 s
-----------------------------------------------------------------
idav:1, idsps: 9,  ntrans: 50,  barrier:20.0,  ebias: 20.0
      dmag:0.41, dmagFin:0.41, isConnect: False
      Valid SPs: 2, num of SPs:2, time: 71.53 s
-----------------------------------------------------------------
Total time for 1 active volume: 1133.488 s
-----------------------------------------------------------------
In KMC step ...
Current basin info at 1 KMC step - ID:0 Number of saddle points:2 ID of selection:[0]
                  Selected event - Barrier:0.091 Backward barrier:0.639
-----------------------------------------------------------------
Relaxing the structure ...
KMC 1th step is finished.
Time step for 1 KMC step: 1.901 ps
Summed time steps after 1 KMC step: 936.35 ps
Real time cost for 1 KMC step: 2198.415 s
===================================================================
Total KMC time steps for this simulation: 936.35 ps
Real time cost for this simulation:7506.345 s
===================================================================